/home/chengr_lab/cse12132340/miniconda3/envs/temp/lib/python3.10/site-packages/gymnasium/utils/passive_env_checker.py:127: UserWarning: [33mWARN: The obs returned by the `reset()` method should be an int or np.int64, actual type: <class 'numpy.bool_'>[0m
  logger.warn(f"{pre} should be an int or np.int64, actual type: {type(obs)}")
/home/chengr_lab/cse12132340/miniconda3/envs/temp/lib/python3.10/site-packages/gymnasium/utils/passive_env_checker.py:159: UserWarning: [33mWARN: The obs returned by the `reset()` method is not within the observation space.[0m
  logger.warn(f"{pre} is not within the observation space.")
/home/chengr_lab/cse12132340/miniconda3/envs/temp/lib/python3.10/site-packages/gymnasium/utils/passive_env_checker.py:131: UserWarning: [33mWARN: The obs returned by the `reset()` method was expecting a numpy array, actual type: <class 'numpy.int64'>[0m
  logger.warn(
/home/chengr_lab/cse12132340/miniconda3/envs/temp/lib/python3.10/site-packages/gymnasium/spaces/box.py:240: UserWarning: [33mWARN: Casting input x to numpy array.[0m
  gym.logger.warn("Casting input x to numpy array.")
/home/chengr_lab/cse12132340/miniconda3/envs/temp/lib/python3.10/site-packages/gymnasium/utils/passive_env_checker.py:127: UserWarning: [33mWARN: The obs returned by the `step()` method should be an int or np.int64, actual type: <class 'numpy.bool_'>[0m
  logger.warn(f"{pre} should be an int or np.int64, actual type: {type(obs)}")
/home/chengr_lab/cse12132340/miniconda3/envs/temp/lib/python3.10/site-packages/gymnasium/utils/passive_env_checker.py:159: UserWarning: [33mWARN: The obs returned by the `step()` method is not within the observation space.[0m
  logger.warn(f"{pre} is not within the observation space.")
/home/chengr_lab/cse12132340/miniconda3/envs/temp/lib/python3.10/site-packages/gymnasium/utils/passive_env_checker.py:131: UserWarning: [33mWARN: The obs returned by the `step()` method was expecting a numpy array, actual type: <class 'numpy.int64'>[0m
  logger.warn(
Num_episodes: 10000, Method: MC, Average Reward: -0.102
Num_episodes: 10000, Method: Sarsa, Average Reward: -0.137
Num_episodes: 10000, Method: Q-Learning, Average Reward: -0.049
Num_episodes: 10000, Method: DQN, Average Reward: -0.028
Num_episodes: 50000, Method: MC, Average Reward: -0.107
Num_episodes: 50000, Method: Sarsa, Average Reward: -0.172
Num_episodes: 50000, Method: Q-Learning, Average Reward: -0.168
Num_episodes: 50000, Method: DQN, Average Reward: -0.028
Num_episodes: 100000, Method: MC, Average Reward: -0.043
Num_episodes: 100000, Method: Sarsa, Average Reward: -0.145
Num_episodes: 100000, Method: Q-Learning, Average Reward: -0.133
Num_episodes: 100000, Method: DQN, Average Reward: -0.054
Num_episodes: 200000, Method: MC, Average Reward: 0.0
Num_episodes: 200000, Method: Sarsa, Average Reward: -0.156
Num_episodes: 200000, Method: Q-Learning, Average Reward: -0.172
Num_episodes: 200000, Method: DQN, Average Reward: -0.054
Done
