/home/chengr_lab/cse12132340/miniconda3/envs/temp/lib/python3.10/site-packages/gymnasium/utils/passive_env_checker.py:127: UserWarning: [33mWARN: The obs returned by the `reset()` method should be an int or np.int64, actual type: <class 'numpy.bool_'>[0m
  logger.warn(f"{pre} should be an int or np.int64, actual type: {type(obs)}")
/home/chengr_lab/cse12132340/miniconda3/envs/temp/lib/python3.10/site-packages/gymnasium/utils/passive_env_checker.py:159: UserWarning: [33mWARN: The obs returned by the `reset()` method is not within the observation space.[0m
  logger.warn(f"{pre} is not within the observation space.")
/home/chengr_lab/cse12132340/miniconda3/envs/temp/lib/python3.10/site-packages/gymnasium/utils/passive_env_checker.py:131: UserWarning: [33mWARN: The obs returned by the `reset()` method was expecting a numpy array, actual type: <class 'numpy.int64'>[0m
  logger.warn(
/home/chengr_lab/cse12132340/miniconda3/envs/temp/lib/python3.10/site-packages/gymnasium/spaces/box.py:240: UserWarning: [33mWARN: Casting input x to numpy array.[0m
  gym.logger.warn("Casting input x to numpy array.")
/home/chengr_lab/cse12132340/miniconda3/envs/temp/lib/python3.10/site-packages/gymnasium/utils/passive_env_checker.py:127: UserWarning: [33mWARN: The obs returned by the `step()` method should be an int or np.int64, actual type: <class 'numpy.bool_'>[0m
  logger.warn(f"{pre} should be an int or np.int64, actual type: {type(obs)}")
/home/chengr_lab/cse12132340/miniconda3/envs/temp/lib/python3.10/site-packages/gymnasium/utils/passive_env_checker.py:159: UserWarning: [33mWARN: The obs returned by the `step()` method is not within the observation space.[0m
  logger.warn(f"{pre} is not within the observation space.")
/home/chengr_lab/cse12132340/miniconda3/envs/temp/lib/python3.10/site-packages/gymnasium/utils/passive_env_checker.py:131: UserWarning: [33mWARN: The obs returned by the `step()` method was expecting a numpy array, actual type: <class 'numpy.int64'>[0m
  logger.warn(
Num_episodes: 10000, Method: MC, Average Reward: -0.487
Num_episodes: 10000, Method: Sarsa, Average Reward: -0.548
Num_episodes: 10000, Method: Q-Learning, Average Reward: -0.471
Num_episodes: 10000, Method: DQN, Average Reward: -0.396
Num_episodes: 50000, Method: MC, Average Reward: -0.402
Num_episodes: 50000, Method: Sarsa, Average Reward: -0.55
Num_episodes: 50000, Method: Q-Learning, Average Reward: -0.544
Num_episodes: 50000, Method: DQN, Average Reward: -0.394
Num_episodes: 100000, Method: MC, Average Reward: -0.408
Num_episodes: 100000, Method: Sarsa, Average Reward: -0.59
Num_episodes: 100000, Method: Q-Learning, Average Reward: -0.617
Num_episodes: 100000, Method: DQN, Average Reward: -0.436
Num_episodes: 200000, Method: MC, Average Reward: -0.438
Num_episodes: 200000, Method: Sarsa, Average Reward: -0.608
Num_episodes: 200000, Method: Q-Learning, Average Reward: -0.626
Num_episodes: 200000, Method: DQN, Average Reward: -0.45
Done
